<?xml version="1.0" encoding="UTF-8" ?>
<testsuite tests="5" failures="0" name="runner.Test_Runner" time="95.088" errors="0" skipped="0">
  <properties>
    <property name="JOB_NAME" value="nopcommerceApp_Cucumber"/>
    <property name="java.vendor" value="Oracle Corporation"/>
    <property name="sun.java.launcher" value="SUN_STANDARD"/>
    <property name="RUN_TESTS_DISPLAY_URL" value="http://localhost:8080/job/nopcommerceApp_Cucumber/3/display/redirect?page=tests"/>
    <property name="NUMBER_OF_PROCESSORS" value="12"/>
    <property name="sun.management.compiler" value="HotSpot 64-Bit Tiered Compilers"/>
    <property name="JENKINS_HOME" value="D:\JENKINS_HOME"/>
    <property name="HUDSON_SERVER_COOKIE" value="88e2ac4064b6abec"/>
    <property name="POM_ARTIFACTID" value="Cucomber-Java-Selenium"/>
    <property name="os.name" value="Windows 10"/>
    <property name="EXECUTOR_NUMBER" value="1"/>
    <property name="sun.desktop" value="windows"/>
    <property name="PATHEXT" value=".COM;.EXE;.BAT;.CMD;.VBS;.VBE;.JS;.JSE;.WSF;.WSH;.MSC;.PY;.PYW"/>
    <property name="POM_DISPLAYNAME" value="Cucomber-Java-Selenium"/>
    <property name="java.vm.specification.vendor" value="Oracle Corporation"/>
    <property name="TEMP" value="C:\Users\palas\AppData\Local\Temp"/>
    <property name="NODE_LABELS" value="master"/>
    <property name="java.runtime.version" value="11+28"/>
    <property name="user.name" value="Palash Mohajon"/>
    <property name="LSERVRC" value="C:\ProgramData\HP\Functional testing\License\lservrc"/>
    <property name="guice.disable.misplaced.annotation.check" value="true"/>
    <property name="CommonProgramW6432" value="C:\Program Files\Common Files"/>
    <property name="ProgramFiles" value="C:\Program Files"/>
    <property name="PROMPT" value="$P$G"/>
    <property name="user.language" value="en"/>
    <property name="JOB_BASE_NAME" value="nopcommerceApp_Cucumber"/>
    <property name="RUN_CHANGES_DISPLAY_URL" value="http://localhost:8080/job/nopcommerceApp_Cucumber/3/display/redirect?page=changes"/>
    <property name="BUILD_DISPLAY_NAME" value="#3"/>
    <property name="OneDrive" value="C:\Users\palas\OneDrive"/>
    <property name="sun.boot.library.path" value="C:\Program Files\Java\jdk-11\bin"/>
    <property name="java.vm.compressedOopsMode" value="Zero based"/>
    <property name="LOCALAPPDATA" value="C:\Users\palas\AppData\Local"/>
    <property name="java.version" value="11"/>
    <property name="user.timezone" value="America/New_York"/>
    <property name="PROCESSOR_LEVEL" value="6"/>
    <property name="USERNAME" value="Palash Mohajon"/>
    <property name="sun.arch.data.model" value="64"/>
    <property name="NODE_NAME" value="master"/>
    <property name="OneDriveConsumer" value="C:\Users\palas\OneDrive"/>
    <property name="BUILD_ID" value="3"/>
    <property name="PyCharm Community Edition" value="C:\Program Files\JetBrains\PyCharm Community Edition 2021.1.2\bin;"/>
    <property name="sun.cpu.isalist" value="amd64"/>
    <property name="sun.jnu.encoding" value="Cp1252"/>
    <property name="maven.conf" value="C:\apache-maven-3.8.1\conf"/>
    <property name="HOMEDRIVE" value="C:"/>
    <property name="file.separator" value="\"/>
    <property name="java.specification.name" value="Java Platform API Specification"/>
    <property name="java.class.version" value="55.0"/>
    <property name="=::" value="::\"/>
    <property name="org.slf4j.simpleLogger.defaultLogLevel" value="info"/>
    <property name="user.country" value="US"/>
    <property name="ALLUSERSPROFILE" value="C:\ProgramData"/>
    <property name="java.home" value="C:\Program Files\Java\jdk-11"/>
    <property name="java.vm.info" value="mixed mode"/>
    <property name="os.version" value="10.0"/>
    <property name="RUN_DISPLAY_URL" value="http://localhost:8080/job/nopcommerceApp_Cucumber/3/display/redirect"/>
    <property name="POM_VERSION" value="0.0.1-SNAPSHOT"/>
    <property name="TMP" value="C:\Users\palas\AppData\Local\Temp"/>
    <property name="path.separator" value=";"/>
    <property name="RUN_ARTIFACTS_DISPLAY_URL" value="http://localhost:8080/job/nopcommerceApp_Cucumber/3/display/redirect?page=artifacts"/>
    <property name="java.vm.version" value="11+28"/>
    <property name="user.variant" value=""/>
    <property name="CommonProgramFiles(x86)" value="C:\Program Files (x86)\Common Files"/>
    <property name="JOB_DISPLAY_URL" value="http://localhost:8080/job/nopcommerceApp_Cucumber/display/redirect"/>
    <property name="USERDOMAIN_ROAMINGPROFILE" value="ADRIKA"/>
    <property name="java.awt.printerjob" value="sun.awt.windows.WPrinterJob"/>
    <property name="CommonProgramFiles" value="C:\Program Files\Common Files"/>
    <property name="sun.io.unicode.encoding" value="UnicodeLittle"/>
    <property name="JAVA_HOME" value="C:\Program Files\Java\jdk-11"/>
    <property name="ComSpec" value="C:\WINDOWS\system32\cmd.exe"/>
    <property name="HOMEPATH" value="\Users\palas"/>
    <property name="awt.toolkit" value="sun.awt.windows.WToolkit"/>
    <property name="POM_PACKAGING" value="jar"/>
    <property name="COMPUTERNAME" value="ADRIKA"/>
    <property name="user.script" value=""/>
    <property name="POM_GROUPID" value="Cucomber-Java-Selenium"/>
    <property name="user.home" value="C:\Users\palas"/>
    <property name="PUBLIC" value="C:\Users\Public"/>
    <property name="BUILD_TAG" value="jenkins-nopcommerceApp_Cucumber-3"/>
    <property name="JENKINS_SERVER_COOKIE" value="88e2ac4064b6abec"/>
    <property name="HUDSON_URL" value="http://localhost:8080/"/>
    <property name="ProgramData" value="C:\ProgramData"/>
    <property name="java.version.date" value="2018-09-25"/>
    <property name="java.specification.vendor" value="Oracle Corporation"/>
    <property name="USERPROFILE" value="C:\Users\palas"/>
    <property name="CLASSPATH" value=""/>
    <property name="java.library.path" value="C:\Program Files\Java\jdk-11\bin;C:\WINDOWS\Sun\Java\bin;C:\WINDOWS\system32;C:\WINDOWS;C:\apache-maven-3.8.1\/bin;C:\Program Files\Java\jdk-11/bin;C:\Program Files\Java\jdk-11/bin;C:\Program Files\Common Files\Oracle\Java\javapath;C:\WINDOWS\system32;C:\WINDOWS;C:\WINDOWS\System32\Wbem;C:\WINDOWS\System32\WindowsPowerShell\v1.0\;C:\WINDOWS\System32\OpenSSH\;C:\Program Files\Java\jre1.8.0_271\bin;C:\Program Files\PuTTY\;C:\Program Files\Amazon\AWSCLIV2\;C:\Program Files\Docker\Docker\resources\bin;C:\ProgramData\DockerDesktop\version-bin;C:\Users\palas\AppData\Local\Programs\Python\Python39\Lib\site-packages\allure_behave;C:\Users\palas\Downloads\allure-commandline-2.13.5\allure-2.13.5\bin;C:\Users\palas\PycharmProjects\nopcommerceApp;C:\Program Files (x86)\HP\Unified Functional Testing\bin;C:\Users\palas\AppData\Local\Programs\Python\Python36\Scripts\;C:\Program Files\Common Files\Oracle\Java\javapath;C:\WINDOWS\system32;C:\WINDOWS;C:\WINDOWS\System32\Wbem;C:\WINDOWS\System32\WindowsPowerShell\v1.0\;C:\WINDOWS\System32\OpenSSH\;C:\Program Files\Java\jre1.8.0_271\bin;C:\Program Files\PuTTY\;C:\Program Files\Amazon\AWSCLIV2\;C:\Program Files\Docker\Do;C:\Users\palas\AppData\Roaming\npm;C:\apache-maven-3.8.1\bin;C:\apache-maven-3.8.1\;C:\apache-maven-3.8.1\\bin;C:\Program Files\Java\jdk-11\bin;;."/>
    <property name="java.vendor.url" value="http://java.oracle.com/"/>
    <property name="java.vm.vendor" value="Oracle Corporation"/>
    <property name="APPDATA" value="C:\Users\palas\AppData\Roaming"/>
    <property name="java.runtime.name" value="OpenJDK Runtime Environment"/>
    <property name="maven.home" value="C:\apache-maven-3.8.1"/>
    <property name="java.class.path" value="D:\JENKINS_HOME\plugins\maven-plugin\WEB-INF\lib\maven35-agent-1.13.jar;C:\apache-maven-3.8.1\boot\plexus-classworlds-2.6.0.jar;C:\apache-maven-3.8.1/conf/logging"/>
    <property name="sun.java.command" value="jenkins.maven3.agent.Maven35Main C:\apache-maven-3.8.1\ D:\JENKINS_HOME\war\WEB-INF\lib\remoting-4.10.jar D:\JENKINS_HOME\plugins\maven-plugin\WEB-INF\lib\maven35-interceptor-1.13.jar D:\JENKINS_HOME\plugins\maven-plugin\WEB-INF\lib\maven3-interceptor-commons-1.13.jar 63500"/>
    <property name="Path" value="C:\Program Files\Java\jdk-11/bin;C:\Program Files\Common Files\Oracle\Java\javapath;C:\WINDOWS\system32;C:\WINDOWS;C:\WINDOWS\System32\Wbem;C:\WINDOWS\System32\WindowsPowerShell\v1.0\;C:\WINDOWS\System32\OpenSSH\;C:\Program Files\Java\jre1.8.0_271\bin;C:\Program Files\PuTTY\;C:\Program Files\Amazon\AWSCLIV2\;C:\Program Files\Docker\Docker\resources\bin;C:\ProgramData\DockerDesktop\version-bin;C:\Users\palas\AppData\Local\Programs\Python\Python39\Lib\site-packages\allure_behave;C:\Users\palas\Downloads\allure-commandline-2.13.5\allure-2.13.5\bin;C:\Users\palas\PycharmProjects\nopcommerceApp;C:\Program Files (x86)\HP\Unified Functional Testing\bin;C:\Users\palas\AppData\Local\Programs\Python\Python36\Scripts\;C:\Program Files\Common Files\Oracle\Java\javapath;C:\WINDOWS\system32;C:\WINDOWS;C:\WINDOWS\System32\Wbem;C:\WINDOWS\System32\WindowsPowerShell\v1.0\;C:\WINDOWS\System32\OpenSSH\;C:\Program Files\Java\jre1.8.0_271\bin;C:\Program Files\PuTTY\;C:\Program Files\Amazon\AWSCLIV2\;C:\Program Files\Docker\Do;C:\Users\palas\AppData\Roaming\npm;C:\apache-maven-3.8.1\bin;C:\apache-maven-3.8.1\;C:\apache-maven-3.8.1\\bin;C:\Program Files\Java\jdk-11\bin;"/>
    <property name="jdk.debug" value="release"/>
    <property name="PROCESSOR_ARCHITECTURE" value="AMD64"/>
    <property name="java.vm.specification.name" value="Java Virtual Machine Specification"/>
    <property name="PATH+JDK" value="C:\Program Files\Java\jdk-11/bin"/>
    <property name="SESSIONNAME" value="Console"/>
    <property name="PROCESSOR_IDENTIFIER" value="Intel64 Family 6 Model 158 Stepping 10, GenuineIntel"/>
    <property name="java.vm.specification.version" value="11"/>
    <property name="M2_HOME" value="C:\apache-maven-3.8.1\"/>
    <property name="sun.cpu.endian" value="little"/>
    <property name="sun.os.patch.level" value=""/>
    <property name="OS" value="Windows_NT"/>
    <property name="CI" value="true"/>
    <property name="java.io.tmpdir" value="C:\Users\palas\AppData\Local\Temp\"/>
    <property name="HUDSON_HOME" value="D:\JENKINS_HOME"/>
    <property name="PATH+MAVEN" value="C:\apache-maven-3.8.1\/bin"/>
    <property name="ProgramFiles(x86)" value="C:\Program Files (x86)"/>
    <property name="java.vendor.url.bug" value="http://bugreport.java.com/bugreport/"/>
    <property name="BUILD_URL" value="http://localhost:8080/job/nopcommerceApp_Cucumber/3/"/>
    <property name="SystemRoot" value="C:\WINDOWS"/>
    <property name="os.arch" value="amd64"/>
    <property name="java.awt.graphicsenv" value="sun.awt.Win32GraphicsEnvironment"/>
    <property name="user.dir" value="D:\eclipse-workspace\Cucumber-Java-Selenium"/>
    <property name="JOB_URL" value="http://localhost:8080/job/nopcommerceApp_Cucumber/"/>
    <property name="LOGONSERVER" value="\\ADRIKA"/>
    <property name="USERDOMAIN" value="ADRIKA"/>
    <property name="MAVEN_HOME" value="C:\apache-maven-3.8.1\"/>
    <property name="line.separator" value="
"/>
    <property name="java.vm.name" value="OpenJDK 64-Bit Server VM"/>
    <property name="BUILD_NUMBER" value="3"/>
    <property name="PROCESSOR_REVISION" value="9e0a"/>
    <property name="JENKINS_URL" value="http://localhost:8080/"/>
    <property name="ProgramW6432" value="C:\Program Files"/>
    <property name="windir" value="C:\WINDOWS"/>
    <property name="=C:" value="C:\Program Files\jenkins"/>
    <property name="ChocolateyLastPathUpdate" value="132738267042749651"/>
    <property name="file.encoding" value="Cp1252"/>
    <property name="SystemDrive" value="C:"/>
    <property name="maven3.interceptor" value="D:\JENKINS_HOME\plugins\maven-plugin\WEB-INF\lib\maven35-interceptor-1.13.jar"/>
    <property name="WORKSPACE_TMP" value="D:\JENKINS_HOME\workspace\nopcommerceApp_Cucumber@tmp"/>
    <property name="WORKSPACE" value="D:\JENKINS_HOME\workspace\nopcommerceApp_Cucumber"/>
    <property name="ChocolateyInstall" value="C:\ProgramData\chocolatey"/>
    <property name="maven3.interceptor.common" value="D:\JENKINS_HOME\plugins\maven-plugin\WEB-INF\lib\maven3-interceptor-commons-1.13.jar"/>
    <property name="PSModulePath" value="C:\Program Files\WindowsPowerShell\Modules;C:\WINDOWS\system32\WindowsPowerShell\v1.0\Modules"/>
    <property name="java.specification.version" value="11"/>
    <property name="DriverData" value="C:\Windows\System32\Drivers\DriverData"/>
    <property name="java.vendor.version" value="18.9"/>
  </properties>
  <testcase classname="feature to test data driven log in functionnality" name="Chack login is successful with valid cradentioal #1" time="19.491"/>
  <testcase classname="feature to test data driven log in functionnality" name="Chack login is successful with valid cradentioal #2" time="18.942"/>
  <testcase classname="Login PNT fourm" name="User Successfullly login with valid Credentials" time="27.913"/>
  <testcase classname="feature  log in functionnality validation" name="Chack User login  successful with valid cradentioal" time="14.031"/>
  <testcase classname="Login" name="Successful login with valid Credentials" time="14.711"/>
</testsuite>